<?xml version="1.0" encoding="UTF-8"?>
<!-- Generated by org.testng.reporters.JUnitReportReporter -->
<testsuite hostname="PC-201903031619" name="ahead.com.Demo1" tests="1" failures="0" timestamp="19 Mar 2019 08:11:35 GMT" time="101.993" errors="0">
  <testcase name="openchrome" time="101.993" classname="ahead.com.Demo1"/>
</testsuite> <!-- ahead.com.Demo1 -->
