<?xml version="1.0" encoding="UTF-8"?>
<!-- Generated by org.testng.reporters.JUnitReportReporter -->
<testsuite hostname="PC-201903031619" name="ahead.com.Demo1" tests="1" failures="0" timestamp="20 Mar 2019 01:02:30 GMT" time="87.735" errors="0">
  <testcase name="openchrome" time="87.735" classname="ahead.com.Demo1"/>
</testsuite> <!-- ahead.com.Demo1 -->
